2020-06-27 10:20:22,744 [Worker-1: Loading available Gradle versions] INFO  o.e.b.c.i.u.g.PublishedGradleVersions - Gradle version information cache is not available. Remote download required.
2020-06-27 10:32:08,597 [Worker-2: Loading available Gradle versions] INFO  o.e.b.c.i.u.g.PublishedGradleVersions - Gradle version information cache is up-to-date. Trying to read.
2020-06-27 11:10:57,733 [Worker-3: Loading available Gradle versions] INFO  o.e.b.c.i.u.g.PublishedGradleVersions - Gradle version information cache is up-to-date. Trying to read.
2020-06-27 11:26:29,059 [Worker-3: Loading available Gradle versions] INFO  o.e.b.c.i.u.g.PublishedGradleVersions - Gradle version information cache is up-to-date. Trying to read.
2020-06-27 11:33:09,214 [Worker-5: Loading available Gradle versions] INFO  o.e.b.c.i.u.g.PublishedGradleVersions - Gradle version information cache is up-to-date. Trying to read.
2020-06-27 13:39:36,816 [Worker-1: Loading available Gradle versions] INFO  o.e.b.c.i.u.g.PublishedGradleVersions - Gradle version information cache is up-to-date. Trying to read.
2020-06-27 13:47:15,831 [Worker-1: Loading available Gradle versions] INFO  o.e.b.c.i.u.g.PublishedGradleVersions - Gradle version information cache is up-to-date. Trying to read.
2020-06-27 13:58:00,830 [Worker-0: Loading available Gradle versions] INFO  o.e.b.c.i.u.g.PublishedGradleVersions - Gradle version information cache is up-to-date. Trying to read.
2020-06-27 17:44:00,606 [Worker-3: Loading available Gradle versions] INFO  o.e.b.c.i.u.g.PublishedGradleVersions - Gradle version information cache is up-to-date. Trying to read.
2020-06-28 17:11:25,194 [Worker-1: Loading available Gradle versions] INFO  o.e.b.c.i.u.g.PublishedGradleVersions - Gradle version information cache is out-of-date. Trying to update.
2020-07-01 01:50:12,665 [Worker-5: Loading available Gradle versions] INFO  o.e.b.c.i.u.g.PublishedGradleVersions - Gradle version information cache is out-of-date. Trying to update.
2020-07-02 23:57:48,468 [Worker-0: Loading available Gradle versions] INFO  o.e.b.c.i.u.g.PublishedGradleVersions - Gradle version information cache is out-of-date. Trying to update.
2020-07-03 01:05:43,749 [Worker-3: Loading available Gradle versions] INFO  o.e.b.c.i.u.g.PublishedGradleVersions - Gradle version information cache is up-to-date. Trying to read.
2020-07-03 23:51:21,615 [Worker-4: Loading available Gradle versions] INFO  o.e.b.c.i.u.g.PublishedGradleVersions - Gradle version information cache is up-to-date. Trying to read.
2020-07-07 00:08:22,713 [Worker-4: Loading available Gradle versions] INFO  o.e.b.c.i.u.g.PublishedGradleVersions - Gradle version information cache is out-of-date. Trying to update.
2020-07-07 00:15:24,162 [Worker-1: Loading available Gradle versions] INFO  o.e.b.c.i.u.g.PublishedGradleVersions - Gradle version information cache is up-to-date. Trying to read.
2020-07-09 00:43:40,840 [Worker-5: Loading available Gradle versions] INFO  o.e.b.c.i.u.g.PublishedGradleVersions - Gradle version information cache is out-of-date. Trying to update.
2020-07-12 11:33:37,059 [Worker-2: Loading available Gradle versions] INFO  o.e.b.c.i.u.g.PublishedGradleVersions - Gradle version information cache is out-of-date. Trying to update.
2020-07-12 12:06:12,422 [Worker-2: Loading available Gradle versions] INFO  o.e.b.c.i.u.g.PublishedGradleVersions - Gradle version information cache is up-to-date. Trying to read.
2020-07-16 00:23:53,556 [Worker-0: Loading available Gradle versions] INFO  o.e.b.c.i.u.g.PublishedGradleVersions - Gradle version information cache is out-of-date. Trying to update.
2020-07-18 00:20:19,965 [Worker-5: Loading available Gradle versions] INFO  o.e.b.c.i.u.g.PublishedGradleVersions - Gradle version information cache is out-of-date. Trying to update.
2020-07-18 00:29:07,208 [Worker-0: Loading available Gradle versions] INFO  o.e.b.c.i.u.g.PublishedGradleVersions - Gradle version information cache is up-to-date. Trying to read.
2020-07-19 15:20:34,725 [Worker-2: Loading available Gradle versions] INFO  o.e.b.c.i.u.g.PublishedGradleVersions - Gradle version information cache is out-of-date. Trying to update.
2020-07-21 00:22:38,242 [Worker-3: Loading available Gradle versions] INFO  o.e.b.c.i.u.g.PublishedGradleVersions - Gradle version information cache is out-of-date. Trying to update.
2020-07-24 00:24:38,890 [Worker-1: Loading available Gradle versions] INFO  o.e.b.c.i.u.g.PublishedGradleVersions - Gradle version information cache is out-of-date. Trying to update.
2020-07-26 14:02:03,173 [Worker-4: Loading available Gradle versions] INFO  o.e.b.c.i.u.g.PublishedGradleVersions - Gradle version information cache is out-of-date. Trying to update.
2020-07-26 14:58:13,910 [Worker-0: Loading available Gradle versions] INFO  o.e.b.c.i.u.g.PublishedGradleVersions - Gradle version information cache is up-to-date. Trying to read.
2020-07-29 13:07:00,779 [Worker-1: Loading available Gradle versions] INFO  o.e.b.c.i.u.g.PublishedGradleVersions - Gradle version information cache is out-of-date. Trying to update.
2020-07-29 13:19:03,806 [Worker-5: Loading available Gradle versions] INFO  o.e.b.c.i.u.g.PublishedGradleVersions - Gradle version information cache is up-to-date. Trying to read.
2020-07-29 13:35:54,689 [Worker-0: Loading available Gradle versions] INFO  o.e.b.c.i.u.g.PublishedGradleVersions - Gradle version information cache is up-to-date. Trying to read.
2020-07-29 13:41:10,150 [Worker-2: Loading available Gradle versions] INFO  o.e.b.c.i.u.g.PublishedGradleVersions - Gradle version information cache is up-to-date. Trying to read.
2020-07-30 00:49:02,427 [Worker-4: Loading available Gradle versions] INFO  o.e.b.c.i.u.g.PublishedGradleVersions - Gradle version information cache is up-to-date. Trying to read.
2020-08-01 12:19:13,270 [Worker-0: Loading available Gradle versions] INFO  o.e.b.c.i.u.g.PublishedGradleVersions - Gradle version information cache is up-to-date. Trying to read.
2020-08-01 12:19:56,589 [main] ERROR o.e.m.c.i.p.r.ProjectRegistryReader - Can't read workspace state
java.io.InvalidClassException: org.eclipse.m2e.core.internal.project.registry.BasicProjectRegistry; local class incompatible: stream classdesc serialVersionUID = 5542512601401896748, local class serialVersionUID = 6232274446642339434
	at java.io.ObjectStreamClass.initNonProxy(ObjectStreamClass.java:616) ~[na:1.8.0_121]
	at java.io.ObjectInputStream.readNonProxyDesc(ObjectInputStream.java:1829) ~[na:1.8.0_121]
	at java.io.ObjectInputStream.readClassDesc(ObjectInputStream.java:1713) ~[na:1.8.0_121]
	at java.io.ObjectInputStream.readNonProxyDesc(ObjectInputStream.java:1829) ~[na:1.8.0_121]
	at java.io.ObjectInputStream.readClassDesc(ObjectInputStream.java:1713) ~[na:1.8.0_121]
	at java.io.ObjectInputStream.readOrdinaryObject(ObjectInputStream.java:1986) ~[na:1.8.0_121]
	at java.io.ObjectInputStream.readObject0(ObjectInputStream.java:1535) ~[na:1.8.0_121]
	at java.io.ObjectInputStream.readObject(ObjectInputStream.java:422) ~[na:1.8.0_121]
	at org.eclipse.m2e.core.internal.project.registry.ProjectRegistryReader.readWorkspaceState(ProjectRegistryReader.java:100) ~[org.eclipse.m2e.core_1.11.0.20190220-2119.jar:na]
	at org.eclipse.m2e.core.internal.project.registry.ProjectRegistryManager.<init>(ProjectRegistryManager.java:164) [org.eclipse.m2e.core_1.11.0.20190220-2119.jar:na]
	at org.eclipse.m2e.core.internal.MavenPluginActivator.start(MavenPluginActivator.java:240) [org.eclipse.m2e.core_1.11.0.20190220-2119.jar:na]
	at org.eclipse.osgi.internal.framework.BundleContextImpl$3.run(BundleContextImpl.java:815) [org.eclipse.osgi_3.13.300.v20190218-1622.jar:na]
	at org.eclipse.osgi.internal.framework.BundleContextImpl$3.run(BundleContextImpl.java:1) [org.eclipse.osgi_3.13.300.v20190218-1622.jar:na]
	at java.security.AccessController.doPrivileged(Native Method) [na:1.8.0_121]
	at org.eclipse.osgi.internal.framework.BundleContextImpl.startActivator(BundleContextImpl.java:808) [org.eclipse.osgi_3.13.300.v20190218-1622.jar:na]
	at org.eclipse.osgi.internal.framework.BundleContextImpl.start(BundleContextImpl.java:765) [org.eclipse.osgi_3.13.300.v20190218-1622.jar:na]
	at org.eclipse.osgi.internal.framework.EquinoxBundle.startWorker0(EquinoxBundle.java:1005) [org.eclipse.osgi_3.13.300.v20190218-1622.jar:na]
	at org.eclipse.osgi.internal.framework.EquinoxBundle$EquinoxModule.startWorker(EquinoxBundle.java:357) [org.eclipse.osgi_3.13.300.v20190218-1622.jar:na]
	at org.eclipse.osgi.container.Module.doStart(Module.java:589) [org.eclipse.osgi_3.13.300.v20190218-1622.jar:na]
	at org.eclipse.osgi.container.Module.start(Module.java:457) [org.eclipse.osgi_3.13.300.v20190218-1622.jar:na]
	at org.eclipse.osgi.framework.util.SecureAction.start(SecureAction.java:471) [org.eclipse.osgi_3.13.300.v20190218-1622.jar:na]
	at org.eclipse.osgi.internal.hooks.EclipseLazyStarter.postFindLocalClass(EclipseLazyStarter.java:117) [org.eclipse.osgi_3.13.300.v20190218-1622.jar:na]
	at org.eclipse.osgi.internal.loader.classpath.ClasspathManager.findLocalClass(ClasspathManager.java:570) [org.eclipse.osgi_3.13.300.v20190218-1622.jar:na]
	at org.eclipse.osgi.internal.loader.ModuleClassLoader.findLocalClass(ModuleClassLoader.java:331) [org.eclipse.osgi_3.13.300.v20190218-1622.jar:na]
	at org.eclipse.osgi.internal.loader.BundleLoader.findLocalClass(BundleLoader.java:395) [org.eclipse.osgi_3.13.300.v20190218-1622.jar:na]
	at org.eclipse.osgi.internal.loader.sources.SingleSourcePackage.loadClass(SingleSourcePackage.java:39) [org.eclipse.osgi_3.13.300.v20190218-1622.jar:na]
	at org.eclipse.osgi.internal.loader.BundleLoader.findClassInternal(BundleLoader.java:469) [org.eclipse.osgi_3.13.300.v20190218-1622.jar:na]
	at org.eclipse.osgi.internal.loader.BundleLoader.findClass(BundleLoader.java:422) [org.eclipse.osgi_3.13.300.v20190218-1622.jar:na]
	at org.eclipse.osgi.internal.loader.BundleLoader.findClass(BundleLoader.java:414) [org.eclipse.osgi_3.13.300.v20190218-1622.jar:na]
	at org.eclipse.osgi.internal.loader.ModuleClassLoader.loadClass(ModuleClassLoader.java:153) [org.eclipse.osgi_3.13.300.v20190218-1622.jar:na]
	at java.lang.ClassLoader.loadClass(ClassLoader.java:357) [na:1.8.0_121]
	at java.lang.Class.forName0(Native Method) [na:1.8.0_121]
	at java.lang.Class.forName(Class.java:264) [na:1.8.0_121]
	at org.eclipse.xtext.m2e.IgnoreMavenTargetModule.configure(IgnoreMavenTargetModule.java:31) [org.eclipse.xtext.m2e_2.22.0.v20200602-1242.jar:na]
	at com.google.inject.AbstractModule.configure(AbstractModule.java:59) [com.google.inject_3.0.0.v201312141243.jar:na]
	at com.google.inject.spi.Elements$RecordingBinder.install(Elements.java:223) [com.google.inject_3.0.0.v201312141243.jar:na]
	at org.eclipse.xtext.ui.shared.internal.SharedStateContributionRegistryImpl$2.configure(SharedStateContributionRegistryImpl.java:157) [org.eclipse.xtext.ui.shared_2.22.0.v20200602-1242.jar:na]
	at com.google.inject.spi.Elements$RecordingBinder.install(Elements.java:223) [com.google.inject_3.0.0.v201312141243.jar:na]
	at com.google.inject.spi.Elements.getElements(Elements.java:101) [com.google.inject_3.0.0.v201312141243.jar:na]
	at com.google.inject.internal.InjectorShell$Builder.build(InjectorShell.java:133) [com.google.inject_3.0.0.v201312141243.jar:na]
	at com.google.inject.internal.InternalInjectorCreator.build(InternalInjectorCreator.java:103) [com.google.inject_3.0.0.v201312141243.jar:na]
	at com.google.inject.internal.InjectorImpl.createChildInjector(InjectorImpl.java:217) [com.google.inject_3.0.0.v201312141243.jar:na]
	at com.google.inject.internal.InjectorImpl.createChildInjector(InjectorImpl.java:224) [com.google.inject_3.0.0.v201312141243.jar:na]
	at org.eclipse.xtext.ui.shared.internal.SharedStateContributionRegistryImpl.createInjectorWithoutJITBindings(SharedStateContributionRegistryImpl.java:62) [org.eclipse.xtext.ui.shared_2.22.0.v20200602-1242.jar:na]
	at org.eclipse.xtext.ui.shared.internal.SharedStateContributionRegistryImpl.createContribution(SharedStateContributionRegistryImpl.java:147) [org.eclipse.xtext.ui.shared_2.22.0.v20200602-1242.jar:na]
	at org.eclipse.xtext.ui.shared.internal.SharedStateContributionRegistryImpl.initializeContributions(SharedStateContributionRegistryImpl.java:129) [org.eclipse.xtext.ui.shared_2.22.0.v20200602-1242.jar:na]
	at org.eclipse.xtext.ui.shared.internal.SharedStateContributionRegistryImpl.getContributions(SharedStateContributionRegistryImpl.java:69) [org.eclipse.xtext.ui.shared_2.22.0.v20200602-1242.jar:na]
	at org.eclipse.xtext.ui.shared.internal.SharedStateContributionRegistryImpl.getContributedInstances(SharedStateContributionRegistryImpl.java:77) [org.eclipse.xtext.ui.shared_2.22.0.v20200602-1242.jar:na]
	at org.eclipse.xtext.ui.resource.XtextResourceSetProvider.setContributions(XtextResourceSetProvider.java:44) [org.eclipse.xtext.ui_2.22.0.v20200602-1242.jar:na]
	at sun.reflect.NativeMethodAccessorImpl.invoke0(Native Method) ~[na:1.8.0_121]
	at sun.reflect.NativeMethodAccessorImpl.invoke(NativeMethodAccessorImpl.java:62) ~[na:1.8.0_121]
	at sun.reflect.DelegatingMethodAccessorImpl.invoke(DelegatingMethodAccessorImpl.java:43) ~[na:1.8.0_121]
	at java.lang.reflect.Method.invoke(Method.java:498) ~[na:1.8.0_121]
	at com.google.inject.internal.SingleMethodInjector$1.invoke(SingleMethodInjector.java:71) [com.google.inject_3.0.0.v201312141243.jar:na]
	at com.google.inject.internal.SingleMethodInjector.inject(SingleMethodInjector.java:90) [com.google.inject_3.0.0.v201312141243.jar:na]
	at com.google.inject.internal.MembersInjectorImpl.injectMembers(MembersInjectorImpl.java:110) [com.google.inject_3.0.0.v201312141243.jar:na]
	at com.google.inject.internal.ConstructorInjector.construct(ConstructorInjector.java:94) [com.google.inject_3.0.0.v201312141243.jar:na]
	at com.google.inject.internal.ConstructorBindingImpl$Factory.get(ConstructorBindingImpl.java:254) [com.google.inject_3.0.0.v201312141243.jar:na]
	at com.google.inject.internal.ProviderToInternalFactoryAdapter$1.call(ProviderToInternalFactoryAdapter.java:46) [com.google.inject_3.0.0.v201312141243.jar:na]
	at com.google.inject.internal.InjectorImpl.callInContext(InjectorImpl.java:1031) [com.google.inject_3.0.0.v201312141243.jar:na]
	at com.google.inject.internal.ProviderToInternalFactoryAdapter.get(ProviderToInternalFactoryAdapter.java:40) [com.google.inject_3.0.0.v201312141243.jar:na]
	at com.google.inject.Scopes$1$1.get(Scopes.java:65) [com.google.inject_3.0.0.v201312141243.jar:na]
	at com.google.inject.internal.InternalFactoryToProviderAdapter.get(InternalFactoryToProviderAdapter.java:40) [com.google.inject_3.0.0.v201312141243.jar:na]
	at com.google.inject.internal.FactoryProxy.get(FactoryProxy.java:54) [com.google.inject_3.0.0.v201312141243.jar:na]
	at com.google.inject.internal.ExposedKeyFactory.get(ExposedKeyFactory.java:54) [com.google.inject_3.0.0.v201312141243.jar:na]
	at com.google.inject.internal.SingleFieldInjector.inject(SingleFieldInjector.java:53) [com.google.inject_3.0.0.v201312141243.jar:na]
	at com.google.inject.internal.MembersInjectorImpl.injectMembers(MembersInjectorImpl.java:110) [com.google.inject_3.0.0.v201312141243.jar:na]
	at com.google.inject.internal.MembersInjectorImpl$1.call(MembersInjectorImpl.java:75) [com.google.inject_3.0.0.v201312141243.jar:na]
	at com.google.inject.internal.MembersInjectorImpl$1.call(MembersInjectorImpl.java:73) [com.google.inject_3.0.0.v201312141243.jar:na]
	at com.google.inject.internal.InjectorImpl.callInContext(InjectorImpl.java:1024) [com.google.inject_3.0.0.v201312141243.jar:na]
	at com.google.inject.internal.MembersInjectorImpl.injectAndNotify(MembersInjectorImpl.java:73) [com.google.inject_3.0.0.v201312141243.jar:na]
	at com.google.inject.internal.Initializer$InjectableReference.get(Initializer.java:147) [com.google.inject_3.0.0.v201312141243.jar:na]
	at com.google.inject.internal.Initializer.injectAll(Initializer.java:92) [com.google.inject_3.0.0.v201312141243.jar:na]
	at com.google.inject.internal.InternalInjectorCreator.injectDynamically(InternalInjectorCreator.java:173) [com.google.inject_3.0.0.v201312141243.jar:na]
	at com.google.inject.internal.InternalInjectorCreator.build(InternalInjectorCreator.java:109) [com.google.inject_3.0.0.v201312141243.jar:na]
	at com.google.inject.Guice.createInjector(Guice.java:95) [com.google.inject_3.0.0.v201312141243.jar:na]
	at com.google.inject.Guice.createInjector(Guice.java:72) [com.google.inject_3.0.0.v201312141243.jar:na]
	at com.google.inject.Guice.createInjector(Guice.java:62) [com.google.inject_3.0.0.v201312141243.jar:na]
	at org.eclipse.xtext.ui.shared.internal.Activator.initializeInjector(Activator.java:93) [org.eclipse.xtext.ui.shared_2.22.0.v20200602-1242.jar:na]
	at org.eclipse.xtext.ui.shared.internal.Activator.start(Activator.java:214) [org.eclipse.xtext.ui.shared_2.22.0.v20200602-1242.jar:na]
	at org.eclipse.osgi.internal.framework.BundleContextImpl$3.run(BundleContextImpl.java:815) [org.eclipse.osgi_3.13.300.v20190218-1622.jar:na]
	at org.eclipse.osgi.internal.framework.BundleContextImpl$3.run(BundleContextImpl.java:1) [org.eclipse.osgi_3.13.300.v20190218-1622.jar:na]
	at java.security.AccessController.doPrivileged(Native Method) [na:1.8.0_121]
	at org.eclipse.osgi.internal.framework.BundleContextImpl.startActivator(BundleContextImpl.java:808) [org.eclipse.osgi_3.13.300.v20190218-1622.jar:na]
	at org.eclipse.osgi.internal.framework.BundleContextImpl.start(BundleContextImpl.java:765) [org.eclipse.osgi_3.13.300.v20190218-1622.jar:na]
	at org.eclipse.osgi.internal.framework.EquinoxBundle.startWorker0(EquinoxBundle.java:1005) [org.eclipse.osgi_3.13.300.v20190218-1622.jar:na]
	at org.eclipse.osgi.internal.framework.EquinoxBundle$EquinoxModule.startWorker(EquinoxBundle.java:357) [org.eclipse.osgi_3.13.300.v20190218-1622.jar:na]
	at org.eclipse.osgi.container.Module.doStart(Module.java:589) [org.eclipse.osgi_3.13.300.v20190218-1622.jar:na]
	at org.eclipse.osgi.container.Module.start(Module.java:457) [org.eclipse.osgi_3.13.300.v20190218-1622.jar:na]
	at org.eclipse.osgi.framework.util.SecureAction.start(SecureAction.java:471) [org.eclipse.osgi_3.13.300.v20190218-1622.jar:na]
	at org.eclipse.osgi.internal.hooks.EclipseLazyStarter.postFindLocalClass(EclipseLazyStarter.java:117) [org.eclipse.osgi_3.13.300.v20190218-1622.jar:na]
	at org.eclipse.osgi.internal.loader.classpath.ClasspathManager.findLocalClass(ClasspathManager.java:570) [org.eclipse.osgi_3.13.300.v20190218-1622.jar:na]
	at org.eclipse.osgi.internal.loader.ModuleClassLoader.findLocalClass(ModuleClassLoader.java:331) [org.eclipse.osgi_3.13.300.v20190218-1622.jar:na]
	at org.eclipse.osgi.internal.loader.BundleLoader.findLocalClass(BundleLoader.java:395) [org.eclipse.osgi_3.13.300.v20190218-1622.jar:na]
	at org.eclipse.osgi.internal.loader.sources.SingleSourcePackage.loadClass(SingleSourcePackage.java:39) [org.eclipse.osgi_3.13.300.v20190218-1622.jar:na]
	at org.eclipse.osgi.internal.loader.BundleLoader.findClassInternal(BundleLoader.java:469) [org.eclipse.osgi_3.13.300.v20190218-1622.jar:na]
	at org.eclipse.osgi.internal.loader.BundleLoader.findClass(BundleLoader.java:422) [org.eclipse.osgi_3.13.300.v20190218-1622.jar:na]
	at org.eclipse.osgi.internal.loader.BundleLoader.findClass(BundleLoader.java:414) [org.eclipse.osgi_3.13.300.v20190218-1622.jar:na]
	at org.eclipse.osgi.internal.loader.ModuleClassLoader.loadClass(ModuleClassLoader.java:153) [org.eclipse.osgi_3.13.300.v20190218-1622.jar:na]
	at java.lang.ClassLoader.loadClass(ClassLoader.java:357) [na:1.8.0_121]
	at org.eclipse.xtext.common.types.shared.Activator.getInjector(Activator.java:30) [org.eclipse.xtext.common.types.shared_2.22.0.v20200602-1242.jar:na]
	at org.eclipse.xtext.common.types.shared.SharedCommonTypesExecutableExtensionFactory.getInjector(SharedCommonTypesExecutableExtensionFactory.java:25) [org.eclipse.xtext.common.types.shared_2.22.0.v20200602-1242.jar:na]
	at org.eclipse.xtext.ui.guice.AbstractGuiceAwareExecutableExtensionFactory.create(AbstractGuiceAwareExecutableExtensionFactory.java:54) [org.eclipse.xtext.ui_2.22.0.v20200602-1242.jar:na]
	at org.eclipse.core.internal.registry.ConfigurationElement.createExecutableExtension(ConfigurationElement.java:265) [org.eclipse.equinox.registry_3.8.300.v20190218-2100.jar:na]
	at org.eclipse.core.internal.registry.ConfigurationElementHandle.createExecutableExtension(ConfigurationElementHandle.java:63) [org.eclipse.equinox.registry_3.8.300.v20190218-2100.jar:na]
	at org.eclipse.ui.internal.ide.EditorAssociationOverrideDescriptor$1.run(EditorAssociationOverrideDescriptor.java:93) [org.eclipse.ui.ide_3.15.0.v20190301-1127.jar:na]
	at org.eclipse.core.runtime.SafeRunner.run(SafeRunner.java:45) [org.eclipse.equinox.common_3.10.300.v20190218-2100.jar:na]
	at org.eclipse.ui.internal.ide.EditorAssociationOverrideDescriptor.createOverride(EditorAssociationOverrideDescriptor.java:106) [org.eclipse.ui.ide_3.15.0.v20190301-1127.jar:na]
	at org.eclipse.ui.ide.IDE.getEditorAssociationOverrides(IDE.java:1879) [org.eclipse.ui.ide_3.15.0.v20190301-1127.jar:na]
	at org.eclipse.ui.ide.IDE.overrideDefaultEditorAssociation(IDE.java:896) [org.eclipse.ui.ide_3.15.0.v20190301-1127.jar:na]
	at org.eclipse.ui.ide.IDE.getDefaultEditor(IDE.java:1601) [org.eclipse.ui.ide_3.15.0.v20190301-1127.jar:na]
	at org.eclipse.ui.ide.IDE.getEditorDescriptor(IDE.java:756) [org.eclipse.ui.ide_3.15.0.v20190301-1127.jar:na]
	at org.eclipse.ui.ide.IDE.getEditorDescriptor(IDE.java:708) [org.eclipse.ui.ide_3.15.0.v20190301-1127.jar:na]
	at org.eclipse.jdt.internal.ui.javaeditor.EditorUtility.getEditorID(EditorUtility.java:417) [org.eclipse.jdt.ui_3.17.0.v20190304-0658.jar:na]
	at org.eclipse.jdt.internal.ui.javaeditor.EditorUtility.openInEditor(EditorUtility.java:182) [org.eclipse.jdt.ui_3.17.0.v20190304-0658.jar:na]
	at org.eclipse.jdt.ui.actions.OpenAction.run(OpenAction.java:287) [org.eclipse.jdt.ui_3.17.0.v20190304-0658.jar:na]
	at org.eclipse.jdt.ui.actions.OpenAction.run(OpenAction.java:252) [org.eclipse.jdt.ui_3.17.0.v20190304-0658.jar:na]
	at org.eclipse.jdt.ui.actions.SelectionDispatchAction.dispatchRun(SelectionDispatchAction.java:274) [org.eclipse.jdt.ui_3.17.0.v20190304-0658.jar:na]
	at org.eclipse.jdt.ui.actions.SelectionDispatchAction.run(SelectionDispatchAction.java:252) [org.eclipse.jdt.ui_3.17.0.v20190304-0658.jar:na]
	at org.eclipse.jdt.internal.ui.packageview.PackageExplorerActionGroup.handleOpen(PackageExplorerActionGroup.java:382) [org.eclipse.jdt.ui_3.17.0.v20190304-0658.jar:na]
	at org.eclipse.jdt.internal.ui.packageview.PackageExplorerPart$4.open(PackageExplorerPart.java:554) [org.eclipse.jdt.ui_3.17.0.v20190304-0658.jar:na]
	at org.eclipse.ui.OpenAndLinkWithEditorHelper$InternalListener.open(OpenAndLinkWithEditorHelper.java:49) [org.eclipse.ui.workbench_3.113.0.v20190219-1432.jar:na]
	at org.eclipse.jface.viewers.StructuredViewer$2.run(StructuredViewer.java:853) [org.eclipse.jface_3.15.100.v20190222-1334.jar:na]
	at org.eclipse.core.runtime.SafeRunner.run(SafeRunner.java:45) [org.eclipse.equinox.common_3.10.300.v20190218-2100.jar:na]
	at org.eclipse.ui.internal.JFaceUtil.lambda$0(JFaceUtil.java:47) [org.eclipse.ui.workbench_3.113.0.v20190219-1432.jar:na]
	at org.eclipse.jface.util.SafeRunnable.run(SafeRunnable.java:176) ~[org.eclipse.jface_3.15.100.v20190222-1334.jar:na]
	at org.eclipse.jface.viewers.StructuredViewer.fireOpen(StructuredViewer.java:850) ~[org.eclipse.jface_3.15.100.v20190222-1334.jar:na]
	at org.eclipse.jface.viewers.StructuredViewer.handleOpen(StructuredViewer.java:1165) ~[org.eclipse.jface_3.15.100.v20190222-1334.jar:na]
	at org.eclipse.jface.util.OpenStrategy.fireOpenEvent(OpenStrategy.java:277) ~[org.eclipse.jface_3.15.100.v20190222-1334.jar:na]
	at org.eclipse.jface.util.OpenStrategy.access$2(OpenStrategy.java:272) ~[org.eclipse.jface_3.15.100.v20190222-1334.jar:na]
	at org.eclipse.jface.util.OpenStrategy$1.handleEvent(OpenStrategy.java:312) ~[org.eclipse.jface_3.15.100.v20190222-1334.jar:na]
	at org.eclipse.swt.widgets.EventTable.sendEvent(EventTable.java:89) ~[org.eclipse.swt.win32.win32.x86_64_3.110.0.v20190305-0602.jar:na]
	at org.eclipse.swt.widgets.Display.sendEvent(Display.java:4131) ~[org.eclipse.swt.win32.win32.x86_64_3.110.0.v20190305-0602.jar:na]
	at org.eclipse.swt.widgets.Widget.sendEvent(Widget.java:1055) ~[org.eclipse.swt.win32.win32.x86_64_3.110.0.v20190305-0602.jar:na]
	at org.eclipse.swt.widgets.Display.runDeferredEvents(Display.java:3944) ~[org.eclipse.swt.win32.win32.x86_64_3.110.0.v20190305-0602.jar:na]
	at org.eclipse.swt.widgets.Display.readAndDispatch(Display.java:3547) ~[org.eclipse.swt.win32.win32.x86_64_3.110.0.v20190305-0602.jar:na]
	at org.eclipse.e4.ui.internal.workbench.swt.PartRenderingEngine$5.run(PartRenderingEngine.java:1173) ~[org.eclipse.e4.ui.workbench.swt_0.14.500.v20190214-0851.jar:na]
	at org.eclipse.core.databinding.observable.Realm.runWithDefault(Realm.java:338) ~[org.eclipse.core.databinding.observable_1.6.400.v20190218-2049.jar:na]
	at org.eclipse.e4.ui.internal.workbench.swt.PartRenderingEngine.run(PartRenderingEngine.java:1062) ~[org.eclipse.e4.ui.workbench.swt_0.14.500.v20190214-0851.jar:na]
	at org.eclipse.e4.ui.internal.workbench.E4Workbench.createAndRunUI(E4Workbench.java:155) ~[org.eclipse.e4.ui.workbench_1.9.0.v20190220-1356.jar:na]
	at org.eclipse.ui.internal.Workbench.lambda$3(Workbench.java:644) ~[org.eclipse.ui.workbench_3.113.0.v20190219-1432.jar:na]
	at org.eclipse.core.databinding.observable.Realm.runWithDefault(Realm.java:338) ~[org.eclipse.core.databinding.observable_1.6.400.v20190218-2049.jar:na]
	at org.eclipse.ui.internal.Workbench.createAndRunWorkbench(Workbench.java:566) ~[org.eclipse.ui.workbench_3.113.0.v20190219-1432.jar:na]
	at org.eclipse.ui.PlatformUI.createAndRunWorkbench(PlatformUI.java:150) ~[org.eclipse.ui.workbench_3.113.0.v20190219-1432.jar:na]
	at org.eclipse.ui.internal.ide.application.IDEApplication.start(IDEApplication.java:155) ~[na:na]
	at org.eclipse.equinox.internal.app.EclipseAppHandle.run(EclipseAppHandle.java:203) ~[org.eclipse.equinox.app_1.4.100.v20190215-2139.jar:na]
	at org.eclipse.core.runtime.internal.adaptor.EclipseAppLauncher.runApplication(EclipseAppLauncher.java:137) ~[org.eclipse.osgi_3.13.300.v20190218-1622.jar:na]
	at org.eclipse.core.runtime.internal.adaptor.EclipseAppLauncher.start(EclipseAppLauncher.java:107) ~[org.eclipse.osgi_3.13.300.v20190218-1622.jar:na]
	at org.eclipse.core.runtime.adaptor.EclipseStarter.run(EclipseStarter.java:400) ~[org.eclipse.osgi_3.13.300.v20190218-1622.jar:na]
	at org.eclipse.core.runtime.adaptor.EclipseStarter.run(EclipseStarter.java:255) ~[org.eclipse.osgi_3.13.300.v20190218-1622.jar:na]
	at sun.reflect.NativeMethodAccessorImpl.invoke0(Native Method) ~[na:1.8.0_121]
	at sun.reflect.NativeMethodAccessorImpl.invoke(NativeMethodAccessorImpl.java:62) ~[na:1.8.0_121]
	at sun.reflect.DelegatingMethodAccessorImpl.invoke(DelegatingMethodAccessorImpl.java:43) ~[na:1.8.0_121]
	at java.lang.reflect.Method.invoke(Method.java:498) ~[na:1.8.0_121]
	at org.eclipse.equinox.launcher.Main.invokeFramework(Main.java:661) ~[org.eclipse.equinox.launcher_1.5.300.v20190213-1655.jar:na]
	at org.eclipse.equinox.launcher.Main.basicRun(Main.java:597) ~[org.eclipse.equinox.launcher_1.5.300.v20190213-1655.jar:na]
	at org.eclipse.equinox.launcher.Main.run(Main.java:1476) ~[org.eclipse.equinox.launcher_1.5.300.v20190213-1655.jar:na]
2020-08-23 22:25:15,620 [Worker-5: Loading available Gradle versions] INFO  o.e.b.c.i.u.g.PublishedGradleVersions - Gradle version information cache is out-of-date. Trying to update.
2020-08-23 23:11:13,618 [Worker-2: Loading available Gradle versions] INFO  o.e.b.c.i.u.g.PublishedGradleVersions - Gradle version information cache is up-to-date. Trying to read.
2020-12-22 13:04:34,800 [Worker-2: Loading available Gradle versions] INFO  o.e.b.c.i.u.g.PublishedGradleVersions - Gradle version information cache is out-of-date. Trying to update.
